(taaable:Grain,category:Grains,1.0)
(taaable:Buckwheat,dbpedia:Buckwheat,1.0)
(taaable:Barley,category:Barley,1.0)
(taaable:Wheat,dbpedia:Wheat,1.0)
(taaable:Millet,category:Millets,1.0)
(taaable:Bulgur,dbpedia:Bulgur,1.0)
(taaable:Rice,dbpedia:Rice,1.0)
(taaable:Glutinous_rice,dbpedia:Glutinous_rice,1.0)
(taaable:Popcorn,category:Popcorn,1.0)
(taaable:Popcorn,dbpedia:Popcorn,1.0)
(taaable:Wheat,category:Wheat,1.0)
(taaable:White_rice,dbpedia:White_rice,1.0)
(taaable:Arborio,dbpedia:Arborio_rice,1.0)
(taaable:Basmati_rice,dbpedia:Basmati,1.0)
(taaable:Barley,dbpedia:Barley,1.0)
(taaable:Oat,dbpedia:Oat,1.0)
(taaable:Kasha,dbpedia:Kasha,1.0)
(taaable:Wild_rice,dbpedia:Wild_rice,1.0)
(taaable:Instant_rice,dbpedia:Instant_rice,1.0)
(taaable:Converted_rice,dbpedia:Parboiled_rice,1.0)
(taaable:Japanese_rice,dbpedia:Japanese_rice,1.0)
(taaable:Jasmine_rice,dbpedia:Jasmine_rice,1.0)
(taaable:Brown_rice,dbpedia:Brown_rice,1.0)
(taaable:Puffed_rice,dbpedia:Puffed_rice,1.0)
(taaable:Amaranth,dbpedia:Amaranth_grain,1.0)
(taaable:Oat,category:Oats,1.0)
(taaable:Rolled_oat,dbpedia:Rolled_oats,1.0)
(taaable:Spelt,dbpedia:Spelt,1.0)
(taaable:Rice,category:Rice,1.0)
(taaable:Millet,dbpedia:Millet,1.0)
(taaable:Corn, dbpedia:Maize, 1.0)
(taaable:Rye, category:Rye, 1.0)
(taaable:Rye, dbpedia:Rye, 1.0)
(taaable:Quinoa, dbpedia:Quinoa, 1.0)
