(taaable:Japanese_rice,580)
(taaable:White_rice,261)
(taaable:Corn,255)
(taaable:Grain,206)
(taaable:Kasha,204)
(taaable:Barley,142)
(taaable:Millet,110)
(taaable:Amaranth,96)
(taaable:Brown_rice,92)
(taaable:Rice,90)
(taaable:Quinoa,85)
(taaable:Wheat,78)
(taaable:Jasmine_rice,78)
(taaable:Wild_rice,77)
(taaable:Instant_rice,71)
(taaable:Popcorn,67)
(taaable:Quick_oat,53)
(taaable:Arborio,47)
(taaable:Buckwheat,44)
(taaable:Rolled_oat,43)
(taaable:Bulgur,42)
(taaable:Spelt,41)
(taaable:Whole_wheat,34)
(taaable:Rye,32)
(taaable:Converted_rice,32)
(taaable:Other_grains,31)
(taaable:Oat,31)
(taaable:Cream_of_rice,26)
(taaable:Puffed_rice,25)
(taaable:Glutinous_rice,25)
(taaable:Cracked_wheat,24)
(taaable:Hominy_grit,22)
(taaable:Basmati_rice,21)
(taaable:Brown_basmati_rice,20)
(taaable:Risotto_rice,19)
(taaable:Fine_bulgur,18)
(taaable:White_basmati_rice,18)
(taaable:Short-2Dgrain_rice,18)
(taaable:Short-2Dgrain_brown_rice,17)
(taaable:Long-2Dgrain_rice,17)
(taaable:Long-2Dgrain_white_rice,17)
(taaable:Whole_kernel_corn,17)
