(taaable:Creole_mustard, dbpedia:Creole_mustard, 1.0)
(taaable:Indian_spice, dbpedia:List_of_Indian_spices, 1.0)
(taaable:Water, dbpedia:Water, 1.0)
(taaable:Green_grape, dbpedia:S%C3%A9millon, 1.0)
(taaable:Egg_yolk, dbpedia:Egg_yolk, 1.0)
(taaable:Taco_sauce, dbpedia:Salsa_(sauce), 1.0)
(taaable:Parma_ham, dbpedia:Prosciutto, 1.0)
(taaable:Green_onion, dbpedia:Scallion, 1.0)
(taaable:Abricotine, http://fr.dbpedia.org/resource/Abricotine, 1.0)
(taaable:Cannellini_bean, dbpedia:Navy_bean, 1.0)
(taaable:7spice, dbpedia:Shichimi, 1.0)
(taaable:White_mushroom, dbpedia:Agaricus_bisporus, 1.0)
(taaable:Canadian_bacon, dbpedia:Smoked_ham, 1.0)
(taaable:Antelope, dbpedia:Antelope, 1.0)
(taaable:Cider_vinegar, dbpedia:Apple_cider_vinegar, 1.0)
(taaable:Cephalopod, dbpedia:Cephalopod, 1.0)
(taaable:Calf_fry, dbpedia:Rocky_Mountain_oyster, 1.0)
(taaable:Black_trumpet_mushroom, dbpedia:Craterellus_cornucopioides, 1.0)
(taaable:Tortelli, http://it.dbpedia.org/resource/Tortelli, 1.0)
(taaable:Orange_liqueur, dbpedia:Triple_sec, 1.0)
(taaable:Blush_wine, dbpedia:Ros%C3%A9, 1.0)
(taaable:Pome_fruit, http://de.dbpedia.org/resource/Kernobst, 1.0)
(taaable:Grain_alcohol, dbpedia:Ethanol, 1.0)
(taaable:Taco_shell, dbpedia:Tortilla, 1.0)
(taaable:Egg_white, dbpedia:Egg_white, 1.0)
(taaable:Porcino, dbpedia:Boletus_edulis, 1.0)
(taaable:Snap_bean, dbpedia:Green_bean, 1.0)
(taaable:Cappelletti, http://it.dbpedia.org/resource/Cappelletti, 1.0)
(taaable:Tortiglioni, http://de.dbpedia.org/resource/Tortiglioni, 1.0)
(taaable:Blue_curacao, dbpedia:Cura%C3%A7ao_(liqueur), 1.0)
(taaable:Rockfish, dbpedia:Sebastes, 1.0)
(taaable:Ocean_perch, dbpedia:Rose_fish, 1.0)
(taaable:Sweet_pepper, dbpedia:Bell_pepper, 1.0)
(taaable:Water_chestnut, dbpedia:Eleocharis_dulcis, 1.0)
(taaable:Bay_scallop, dbpedia:Argopecten_irradians, 1.0)
(taaable:Tuber, dbpedia:Tuber, 1.0)
(taaable:Mullet, dbpedia:Mullet_(fish), 1.0)
(taaable:Nectarine, dbpedia:Nectarine, 1.0)
(taaable:Red_salmon, dbpedia:Sockeye_salmon, 1.0)
(taaable:Schinkenwurst, http://de.dbpedia.org/resource/Schinkenwurst, 1.0)
(taaable:Vanilla_bean, dbpedia:Vanilla_bean, 1.0)
(taaable:Bacon_and_salt_pork, dbpedia:Salt_pork, 1.0)
(taaable:Tapioca_pearls, dbpedia:Tapioca_pearls, 1.0)
(taaable:Brain, dbpedia:Brain, 1.0)
(taaable:Sturgeon, dbpedia:Sturgeon, 1.0)
(taaable:Fat, dbpedia:Fat, 1.0)
(taaable:Corn, dbpedia:Maize, 1.0)
(taaable:Black_cherry, dbpedia:Prunus_serotina, 1.0)
(taaable:V-2D8_juice, dbpedia:V8_(beverage), 1.0)
(taaable:Green_cabbage, dbpedia:Kale, 1.0)
(taaable:Stewing_chicken, http://de.dbpedia.org/page/Suppenhuhn, 1.0)
(taaable:Cream_of_tartar, dbpedia:Cream_of_tartar, 1.0)
(taaable:Coriander_seed, dbpedia:Coriander_seed, 1.0)
(taaable:Red-2Dleaf_lettuce, http://dbpedia.org/page/Red_leaf_Lettuce, 1.0)
(taaable:Mutton, dbpedia:Mutton, 1.0)
(taaable:Rattlesnake, dbpedia:Rattlesnake, 1.0)
(taaable:Crocodile, dbpedia:Crocodile, 1.0)
(taaable:Turtle, dbpedia:Turtle, 1.0)
(taaable:Salami, dbpedia:Salami, 1.0)
(taaable:Strozzapreti, dbpedia:Strozzapreti, 1.0)
(taaable:Rabbit, dbpedia:Rabbit, 1.0)
(taaable:Poppy_seed, dbpedia:Poppy_seed, 1.0)
(taaable:Epoisses, dbpedia:%C3%89poisses_de_Bourgogne, 1.0)
(taaable:Pesto, dbpedia:Pesto, 1.0)
(taaable:Dandelion, dbpedia:Taraxacum, 1.0)
(taaable:Zinfandel, dbpedia:Zinfandel, 1.0)
(taaable:White_wine, dbpedia:White_wine, 1.0)
(taaable:Half-2Dand-2Dhalf, dbpedia:Half_and_half, 1.0)
(taaable:Plum_tomato, dbpedia:Plum_tomato, 1.0)
(taaable:Grapefruit, dbpedia:Grapefruit, 1.0)
(taaable:Avocado_oil, dbpedia:Avocado_oil, 1.0)
(taaable:Green_bean, dbpedia:Green_bean, 1.0)
(taaable:Non-2Ddairy_cream, dbpedia:Non-dairy_creamer, 1.0)
(taaable:Powdered_milk, dbpedia:Powdered_milk, 1.0)
(taaable:Goat_cheese, dbpedia:Goat_cheese, 1.0)
(taaable:Harissa, dbpedia:Harissa, 1.0)
(taaable:Angostura_bitter, dbpedia:Angostura_bitters, 1.0)
(taaable:Curcuma, dbpedia:Turmeric, 1.0)
(taaable:Palm_sugar, dbpedia:Palm_sugar, 1.0)
(taaable:Onion, dbpedia:Onion, 1.0)
(taaable:Pasta_filata, dbpedia:Pasta_filata, 1.0)
(taaable:Lima_bean, dbpedia:Phaseolus_lunatus, 1.0)
(taaable:Nut, dbpedia:Nut_(fruit), 1.0)
(taaable:Grape_tomato, dbpedia:Grape_tomato, 1.0)
(taaable:Panko, dbpedia:Bread_crumbs, 1.0)
(taaable:Sour_milk, dbpedia:Soured_milk, 1.0)
(taaable:Sparkling_water, dbpedia:Carbonated_water, 1.0)
(taaable:Textured_soy_protein, dbpedia:Textured_vegetable_protein, 1.0)
(taaable:Grenadine, dbpedia:Grenadine, 1.0)
(taaable:Thai_basil, dbpedia:Thai_basil, 1.0)
(taaable:White_flour, dbpedia:Flour, 1.0)
(taaable:Dom_perignon, dbpedia:Dom_P%C3%A9rignon_(wine), 1.0)
(taaable:Kasseri, dbpedia:Kasseri, 1.0)
(taaable:Salsify, dbpedia:Ditalini, 1.0)
(taaable:Vegetable_stock, dbpedia:Vegetable_stock, 1.0)
(taaable:Green_bell_pepper, dbpedia:Green_bell_pepper, 1.0)
(taaable:Italian_dressing, dbpedia:Italian_dressing, 1.0)
(taaable:Raclette, dbpedia:Raclette, 1.0)
(taaable:Semolina_flour, dbpedia:Semolina, 1.0)
(taaable:Beurre_manie, dbpedia:Beurre_mani%C3%A9, 1.0)
(taaable:Golden_delicious_apple, dbpedia:Golden_Delicious, 1.0)
(taaable:Miso, dbpedia:Miso, 1.0)
(taaable:Ginger, category:Ginger, 1.0)
(taaable:Buckwheat, dbpedia:Buckwheat, 1.0)
(taaable:Bleu_de_bresse, dbpedia:Bleu_de_Bresse, 1.0)
(taaable:Nutmeg, dbpedia:Nutmeg, 1.0)
(taaable:Maroilles, dbpedia:Maroilles_cheese, 1.0)
(taaable:Lime, dbpedia:Lime_(fruit), 1.0)
(taaable:Cooking_oil, dbpedia:Cooking_oil, 1.0)
(taaable:Coconut_oil, dbpedia:Coconut_oil, 1.0)
(taaable:Drum, dbpedia:Sciaenidae, 1.0)
(taaable:Ostrich, dbpedia:Ostrich_meat, 1.0)
(taaable:Andouillette, dbpedia:Andouillette, 1.0)
(taaable:Fourme_d-27ambert, dbpedia:Fourme_d'Ambert, 1.0)
(taaable:Ginger_ale, dbpedia:Ginger_ale, 1.0)
(taaable:Candy, dbpedia:Candy, 1.0)
(taaable:Winter_squash, dbpedia:Winter_squash, 1.0)
(taaable:Boursin, dbpedia:Boursin_cheese, 1.0)
(taaable:Cotechino, dbpedia:Cotechino, 1.0)
(taaable:Pancetta, dbpedia:Pancetta, 1.0)
(taaable:Suet, dbpedia:Suet, 1.0)
(taaable:Yam, dbpedia:Yam_(vegetable), 1.0)
(taaable:Clove, dbpedia:Clove, 1.0)
(taaable:Clam_juice, dbpedia:Clam_sauce, 1.0)
(taaable:Cilantro, dbpedia:Eryngium_foetidum, 1.0)
(taaable:Bintje_potato, dbpedia:Bintje, 1.0)
(taaable:Raw_sugar, dbpedia:Brown_sugar, 1.0)
(taaable:Miracle_whip, dbpedia:Miracle_Whip, 1.0)
(taaable:Mustard, category:Mustard, 1.0)
(taaable:Whole_milk, dbpedia:Milk, 1.0)
(taaable:Caviar, dbpedia:Caviar, 1.0)
(taaable:Ginger, dbpedia:Ginger, 1.0)
(taaable:Honey, dbpedia:Honey, 1.0)
(taaable:Orzo, dbpedia:Orzo_(pasta), 1.0)
(taaable:Coconut_milk, dbpedia:Coconut_milk, 1.0)
(taaable:Bacon, dbpedia:Bacon, 1.0)
(taaable:Instant_coffee, dbpedia:Instant_coffee, 1.0)
(taaable:Fuji_apple, dbpedia:Fuji_(apple), 1.0)
(taaable:Chaource_cheese, dbpedia:Chaource_cheese, 1.0)
(taaable:Amaretti, dbpedia:Amaretti_di_Saronno, 1.0)
(taaable:Potato_starch, dbpedia:Potato_starch, 1.0)
(taaable:Sherry_vinegar, dbpedia:Sherry_vinegar, 1.0)
(taaable:Natto, dbpedia:Natt%C5%8D, 1.0)
(taaable:Salsa, dbpedia:Salsa_(sauce), 1.0)
(taaable:Cornish_game_hen, dbpedia:Cornish_game_hen, 1.0)
(taaable:Shrimp, dbpedia:Shrimp, 1.0)
(taaable:Blue_crab, dbpedia:Callinectes_sapidus, 1.0)
(taaable:Colby, dbpedia:Colby_cheese, 1.0)
(taaable:Vermicelli, dbpedia:Vermicelli, 1.0)
(taaable:Cassava, dbpedia:Cassava, 1.0)
(taaable:Port, dbpedia:Port_wine, 1.0)
(taaable:Converted_rice, dbpedia:Parboiled_rice, 1.0)
(taaable:Granny_smith_apple, dbpedia:Granny_Smith, 1.0)
(taaable:Anise_liqueur, category:Anise_liqueurs_and_spirits, 1.0)
(taaable:Soy_sauce, dbpedia:Soy_sauce, 1.0)
(taaable:Baked_good, category:Baked_goods, 1.0)
(taaable:Melon, dbpedia:Muskmelon, 1.0)
(taaable:Bok_choy, dbpedia:Chinese_cabbage, 1.0)
(taaable:Marsala, dbpedia:Marsala_wine, 1.0)
(taaable:Haddock, dbpedia:Haddock, 1.0)
(taaable:Gemelli, dbpedia:Gemelli_(pasta), 1.0)
(taaable:Chocolate_cookie, dbpedia:Chocolate_chip_cookie, 1.0)
(taaable:Spam, dbpedia:Spam, 1.0)
(taaable:Kumquat, dbpedia:Kumquat, 1.0)
(taaable:Corn_chip, dbpedia:Corn_chip, 1.0)
(taaable:Cheesecake, dbpedia:Cheesecake, 1.0)
(taaable:Pork_back_rib, dbpedia:Pork_ribs, 1.0)
(taaable:Cremini_mushroom, dbpedia:Crimini_mushroom, 1.0)
(taaable:Coconut_cream, dbpedia:Coconut_cream, 1.0)
(taaable:Date, dbpedia:Phoenix_dactylifera, 1.0)
(taaable:Vitamin_c, dbpedia:Vitamin_C, 1.0)
(taaable:Bagel, dbpedia:Bagel, 1.0)
(taaable:Boudin_rouge, dbpedia:Boudin, 1.0)
(taaable:Baguette, dbpedia:Baguette, 1.0)
(taaable:Corned_beef, dbpedia:Corned_beef, 1.0)
(taaable:Semolina_flour, dbpedia:Semolina, 1.0)
(taaable:Beurre_manie, dbpedia:Beurre_mani%C3%A9, 1.0)
(taaable:Catfish, dbpedia:Crayfish_(food), 1.0)
(taaable:Cacha-C3-A7a, dbpedia:Cacha%C3%A7a, 1.0)
(taaable:Miso, dbpedia:Miso, 1.0)
(taaable:Egg, dbpedia:Egg_(food), 1.0)
(taaable:Bleu_de_bresse, dbpedia:Bleu_de_Bresse, 1.0)
(taaable:Lime, dbpedia:Lime_(fruit), 1.0)
(taaable:Fennel_seed, dbpedia:Fennel, 1.0)
(taaable:Ginger_ale, dbpedia:Ginger_ale, 1.0)
(taaable:Worcestershire_sauce, dbpedia:Worcestershire_sauce, 1.0)
(taaable:Cookies, category:Cookies, 1.0)
(taaable:Peppermint_oil, dbpedia:Peppermint_extract, 1.0)
(taaable:Brioche, dbpedia:Brioche, 1.0)
(taaable:Herbes_de_provence, dbpedia:Herbes_de_Provence, 1.0)
(taaable:Rye_whiskey, dbpedia:Rye_whiskey, 1.0)
(taaable:Dripping, dbpedia:Dripping, 1.0)
(taaable:Bintje_potato, dbpedia:Bintje, 1.0)
(taaable:Vouvray, dbpedia:Vouvray_(wine), 1.0)
(taaable:Suze, dbpedia:Suze_(drink), 1.0)
(taaable:Roux, dbpedia:Roux, 1.0)
(taaable:Parmigiano-2Dreggiano_cheese, dbpedia:Parmigiano-Reggiano, 1.0)
(taaable:Raw_sugar, dbpedia:Brown_sugar, 1.0)
(taaable:Braeburn_apple, dbpedia:Braeburn, 1.0)
(taaable:Kola_nut, category:Kola_nut, 1.0)
(taaable:Fructose, dbpedia:Fructose, 1.0)
(taaable:Ginger, dbpedia:Ginger, 1.0)
(taaable:Vermouth, dbpedia:Vermouth, 1.0)
(taaable:Semillon, dbpedia:S%C3%A9millon, 1.0)
(taaable:Cointreau, dbpedia:Cointreau, 1.0)
(taaable:Thyme, dbpedia:Thyme, 1.0)
(taaable:Milk, category:Milk, 1.0)
(taaable:Saint_andre_cheese, dbpedia:Saint-Andr%C3%A9_cheese, 1.0)
(taaable:Beef, dbpedia:Beef, 1.0)
(taaable:Coffee_liqueur, dbpedia:Liqueur_coffee, 1.0)
(taaable:Fuji_apple, dbpedia:Fuji_(apple), 1.0)
(taaable:Soy_yogurt, dbpedia:Soy_yogurt, 1.0)
(taaable:Cassis_liqueur, dbpedia:Cr%C3%A8me_de_cassis, 1.0)
(taaable:Tapioca, dbpedia:Tapioca, 1.0)
(taaable:Carrot, dbpedia:Carrot, 1.0)
(taaable:Cantaloupe, category:Cantaloupe, 1.0)
(taaable:Gnocchi, dbpedia:Gnocchi, 1.0)
(taaable:Collard_greens, dbpedia:Collard_greens, 1.0)
(taaable:Chicken_fat, dbpedia:Chicken_fat, 1.0)
(taaable:Cocoa_butter, dbpedia:Cocoa_butter, 1.0)
(taaable:Garganelli, dbpedia:Garganelli, 1.0)
(taaable:Grouse, dbpedia:Grouse, 1.0)
(taaable:Prune, dbpedia:Prune, 1.0)
(taaable:Lamprey, dbpedia:Lamprey, 1.0)
(taaable:Tomato_soup, dbpedia:Tomato_soup, 1.0)
(taaable:Cassava, dbpedia:Cassava, 1.0)
(taaable:Butternut_squash, dbpedia:Butternut_squash, 1.0)
(taaable:Tripe, dbpedia:Tripe, 1.0)
(taaable:Penne, dbpedia:Penne, 1.0)
(taaable:Granny_smith_apple, dbpedia:Granny_Smith, 1.0)
(taaable:Daikon, dbpedia:Daikon, 1.0)
(taaable:Sardine, dbpedia:Sardine, 1.0)
(taaable:Yellowfin, dbpedia:Yellowfin_sole, 1.0)
(taaable:Biscotti, dbpedia:Biscotti, 1.0)
(taaable:Haddock, dbpedia:Haddock, 1.0)
(taaable:Creme_de_menthe, dbpedia:Cr%C3%A8me_de_menthe, 1.0)
(taaable:Kumquat, dbpedia:Kumquat, 1.0)
(taaable:Sauternes, dbpedia:Sauternes_(wine), 1.0)
(taaable:Zucchini, dbpedia:Zucchini, 1.0)
(taaable:Cheesecake, dbpedia:Cheesecake, 1.0)
(taaable:Pork_back_rib, dbpedia:Pork_ribs, 1.0)
(taaable:Cremini_mushroom, dbpedia:Crimini_mushroom, 1.0)
(taaable:Rye_whiskey, category:Rye_whiskey, 1.0)
(taaable:Peppermint_extract, dbpedia:Peppermint_extract, 1.0)
(taaable:Canola_oil, dbpedia:Canola, 1.0)
(taaable:Fougasse, dbpedia:Fougasse_(bread), 1.0)
(taaable:Eggplant, dbpedia:Eggplant, 1.0)
(taaable:Coca-2Dcola, dbpedia:Coca-Cola, 1.0)
(taaable:Tap_water, dbpedia:Tap_water, 1.0)
(taaable:Raclette, dbpedia:Raclette, 1.0)
(taaable:Cayenne_pepper, dbpedia:Cayenne_pepper, 1.0)
(taaable:Cookies, dbpedia:Cookie, 1.0)
(taaable:Nutmeg, dbpedia:Nutmeg, 1.0)
(taaable:Milk, dbpedia:Milk, 1.0)
(taaable:Fruit_wine, category:Fruit_wines, 1.0)
(taaable:Leerdammer, dbpedia:Leerdammer, 1.0)
(taaable:Pancake_syrup, dbpedia:Maple_syrup, 1.0)
(taaable:Schnapps, dbpedia:Schnapps, 1.0)
(taaable:Drum, dbpedia:Sciaenidae, 1.0)
(taaable:Liquid_smoke, dbpedia:Liquid_smoke, 1.0)
(taaable:Andouillette, dbpedia:Andouillette, 1.0)
(taaable:Orange_liqueur, category:Orange_liqueurs, 1.0)
(taaable:Flank_steak, dbpedia:Flank_steak, 1.0)
(taaable:Coppa_salami, dbpedia:Capicola, 1.0)
(taaable:Refried_beans, dbpedia:Refried_beans, 1.0)
(taaable:Montmorency_cherry, dbpedia:Montmorency_cherry, 1.0)
(taaable:Sparerib, dbpedia:Spare_ribs, 1.0)
(taaable:Fenugreek, dbpedia:Fenugreek, 1.0)
(taaable:Yam, dbpedia:Yam_(vegetable), 1.0)
(taaable:Clove, dbpedia:Clove, 1.0)
(taaable:Cilantro, dbpedia:Eryngium_foetidum, 1.0)
(taaable:Caviar, dbpedia:Caviar, 1.0)
(taaable:Cabernet_franc, dbpedia:Cabernet_Franc, 1.0)
(taaable:Cranberry, dbpedia:Cranberry, 1.0)
(taaable:Steak_sauce, dbpedia:Steak_sauce, 1.0)
(taaable:Chili_sauce, dbpedia:Hot_sauce, 1.0)
(taaable:Ham, category:Ham, 1.0)
(taaable:Kaffir_lime_leaf, dbpedia:Kaffir_lime, 1.0)
(taaable:Shaoxing_wine, dbpedia:Shaoxing_wine, 1.0)
(taaable:Instant_coffee, dbpedia:Instant_coffee, 1.0)
(taaable:Bacon, dbpedia:Bacon, 1.0)
(taaable:Fines_herbes, dbpedia:Fines_herbes, 1.0)
(taaable:Chaource_cheese, dbpedia:Chaource_cheese, 1.0)
(taaable:Wheat_germ, dbpedia:Cereal_germ, 1.0)
(taaable:Blackstrap_molasse, dbpedia:Blackstrap_molasses, 1.0)
(taaable:Stock, dbpedia:Stock_(food), 1.0)
(taaable:Kola_nut, dbpedia:Kola_nut, 1.0)
(taaable:Dal, dbpedia:Dal, 1.0)
(taaable:Citron, category:Citron, 1.0)
(taaable:Sherry_vinegar, dbpedia:Sherry_vinegar, 1.0)
(taaable:Natto, dbpedia:Natt%C5%8D, 1.0)
(taaable:File_powder, dbpedia:Fil%C3%A9_powder, 1.0)
(taaable:Fish_steak, dbpedia:Fish_steak, 1.0)
(taaable:Nasturtium, dbpedia:Watercress, 1.0)
(taaable:Merlot, dbpedia:Merlot, 1.0)
(taaable:Fruit_wine, dbpedia:Fruit_wine, 1.0)
(taaable:Pancake_mix, dbpedia:Pancake, 1.0)
(taaable:Colby, dbpedia:Colby_cheese, 1.0)
(taaable:Vermicelli, dbpedia:Vermicelli, 1.0)
(taaable:Port, dbpedia:Port_wine, 1.0)
(taaable:Beef, category:Beef, 1.0)
(taaable:Instant_rice, dbpedia:Instant_rice, 1.0)
(taaable:Shiitake, dbpedia:Shiitake, 1.0)
(taaable:Spaghetti, dbpedia:Spaghetti, 1.0)
(taaable:Peanut, dbpedia:Peanut, 1.0)
(taaable:Baked_good, category:Baked_goods, 1.0)
(taaable:Endive, dbpedia:Endive, 1.0)
(taaable:Bok_choy, dbpedia:Chinese_cabbage, 1.0)
(taaable:Melon, dbpedia:Muskmelon, 1.0)
(taaable:Pancake_mix, category:Pancakes, 1.0)
(taaable:Shrimp_paste, dbpedia:Shrimp_paste, 1.0)
(taaable:Coarse_salt, dbpedia:Kosher_salt, 1.0)
(taaable:Bread, dbpedia:Bread, 1.0)
(taaable:Ham, dbpedia:Ham, 1.0)
(taaable:Celeriac, dbpedia:Celeriac, 1.0)
(taaable:Mafalde, dbpedia:Mafalde, 1.0)
(taaable:Vodka, dbpedia:Vodka, 1.0)
(taaable:Pickle, dbpedia:Pickled_cucumber, 1.0)
(taaable:Coconut_cream, dbpedia:Coconut_cream, 1.0)
(taaable:Fruit_vegetable, category:Fruit_vegetables, 1.0)
(taaable:Dried_meats, category:Dried_meat, 1.0)
(taaable:Foam_cakes, dbpedia:Foam_cake, 1.0)
(taaable:Boudin_rouge, dbpedia:Boudin, 1.0)
(taaable:Black-2Deyed_pea, dbpedia:Black-eyed_pea, 1.0)
(taaable:Rome_apple, dbpedia:Rome_apple, 1.0)
(taaable:Kangaroo, dbpedia:Kangaroo_meat, 1.0)
(taaable:Ginger, category:Ginger, 1.0)
(taaable:Applesauce, dbpedia:Apple_sauce, 1.0)
(taaable:Thickener, dbpedia:Thickening_agent, 1.0)
(taaable:Mincemeat, dbpedia:Mincemeat, 1.0)
(taaable:Maroilles, dbpedia:Maroilles_cheese, 1.0)
(taaable:Cooking_oil, dbpedia:Cooking_oil, 1.0)
(taaable:Marmalade, dbpedia:Marmalade, 1.0)
(taaable:Ostrich, dbpedia:Ostrich_meat, 1.0)
(taaable:Fourme_d-27ambert, dbpedia:Fourme_d'Ambert, 1.0)
(taaable:Raspberry_vinegar, dbpedia:Raspberry_vinegar, 1.0)
(taaable:Candy, dbpedia:Candy, 1.0)
(taaable:Bamboo_shoot, dbpedia:Bamboo_shoot, 1.0)
(taaable:Marshmallow_creme, dbpedia:Marshmallow_creme, 1.0)
(taaable:Winter_squash, dbpedia:Winter_squash, 1.0)
(taaable:Boursin, dbpedia:Boursin_cheese, 1.0)
(taaable:Cotechino, dbpedia:Cotechino, 1.0)
(taaable:Pork_sausage, dbpedia:Sausage, 1.0)
(taaable:Suet, dbpedia:Suet, 1.0)
(taaable:Fatback, dbpedia:Fatback, 1.0)
(taaable:English_muffin, dbpedia:English_muffin, 1.0)
(taaable:Vache_qui_rit, dbpedia:The_Laughing_Cow, 1.0)
(taaable:Orecchiette, dbpedia:Orecchiette, 1.0)
(taaable:Onion_powder, dbpedia:Onion_powder, 1.0)
(taaable:Sevruga_caviar, dbpedia:Sevruga, 1.0)
(taaable:Cannelloni, dbpedia:Cannelloni, 1.0)
(taaable:Wafer, dbpedia:Wafer, 1.0)
(taaable:Bleu_des_causses, dbpedia:Bleu_des_Causses, 1.0)
(taaable:Clam_juice, dbpedia:Clam_sauce, 1.0)
(taaable:Fettuccine, dbpedia:Fettuccine, 1.0)
(taaable:Peanut, category:Peanuts, 1.0)
(taaable:Catfish, dbpedia:Catfish, 1.0)
(taaable:Miracle_whip, dbpedia:Miracle_Whip, 1.0)
(taaable:Yeast_extract, dbpedia:Yeast_extract, 1.0)
(taaable:Palm_oil, dbpedia:Palm_oil, 1.0)
(taaable:Whole_milk, dbpedia:Milk, 1.0)
(taaable:Citron, dbpedia:Citron, 1.0)
(taaable:Honey, dbpedia:Honey, 1.0)
(taaable:Sauerkraut, dbpedia:Sauerkraut, 1.0)
(taaable:Lettuce, dbpedia:Lettuce, 1.0)
(taaable:Nutritional_yeast, dbpedia:Nutritional_yeast, 1.0)
(taaable:Orzo, dbpedia:Orzo_(pasta), 1.0)
(taaable:Habanero_chile, dbpedia:Habanero, 1.0)
(taaable:Summer_savory, dbpedia:Summer_savory, 1.0)
(taaable:Russet_potato, dbpedia:Ranger_Russet_(potato), 1.0)
(taaable:Liquor, category:Liqueurs, 1.0)
(taaable:Acorn_squash, dbpedia:Acorn_squash, 1.0)
(taaable:Chocolate_pudding, dbpedia:Chocolate_pudding, 1.0)
(taaable:Chocolate_chip, dbpedia:Chocolate_chip, 1.0)
(taaable:Potato_starch, dbpedia:Potato_starch, 1.0)
(taaable:Capon, dbpedia:Capon, 1.0)
(taaable:Blueberry, dbpedia:Blueberry, 1.0)
(taaable:Goat, dbpedia:Goat, 1.0)
(taaable:Spaetzle, dbpedia:Sp%C3%A4tzle, 1.0)
(taaable:Almond_extract, dbpedia:Almond_extract, 1.0)
(taaable:Chorizo, dbpedia:Chorizo, 1.0)
(taaable:Rice_vermicelli, dbpedia:Rice_vermicelli, 1.0)
(taaable:Cornish_game_hen, dbpedia:Cornish_game_hen, 1.0)
(taaable:Clam, dbpedia:Clam, 1.0)
(taaable:Shrimp, dbpedia:Shrimp, 1.0)
(taaable:Flour, dbpedia:Flour, 1.0)
(taaable:Provolone, dbpedia:Provolone, 1.0)
(taaable:Blue_crab, dbpedia:Callinectes_sapidus, 1.0)
(taaable:Frog_legs, dbpedia:Frog_legs, 1.0)
(taaable:Haut-2Dmedoc, dbpedia:Haut-M%C3%A9doc_AOC, 1.0)
(taaable:Roma_tomato, dbpedia:Roma_tomato, 1.0)
(taaable:Chardonnay, dbpedia:Chardonnay, 1.0)
(taaable:Marsala, dbpedia:Marsala_wine, 1.0)
(taaable:Breakfast_cereal, dbpedia:Breakfast_cereal, 1.0)
(taaable:Gemelli, dbpedia:Gemelli_(pasta), 1.0)
(taaable:Chocolate_cookie, dbpedia:Chocolate_chip_cookie, 1.0)
(taaable:Spam, dbpedia:Spam, 1.0)
(taaable:Corn_chip, dbpedia:Corn_chip, 1.0)
(taaable:Italian_sausage, category:Italian_sausages, 1.0)
(taaable:Pepperoni, dbpedia:Pepperoni, 1.0)
(taaable:Cherry_tomato, dbpedia:Cherry_tomato, 1.0)
(taaable:Citron, dbpedia:Lemon, 1.0)
(taaable:Bresaola, dbpedia:Bresaola, 1.0)
(taaable:Date, dbpedia:Phoenix_dactylifera, 1.0)
(taaable:Vitamin_c, dbpedia:Vitamin_C, 1.0)
(taaable:Tangerine, dbpedia:Tangerine, 1.0)
(taaable:Pita_bread, dbpedia:Pita, 1.0)
(taaable:Liquor, dbpedia:Liqueur, 1.0)
(taaable:Baguette, dbpedia:Baguette, 1.0)
(taaable:Pectin, dbpedia:Pectin, 1.0)
(taaable:Corned_beef, dbpedia:Corned_beef, 1.0)
(taaable:Espresso, category:Espresso, 1.0)
(taaable:Italian_dressing, dbpedia:Italian_dressing, 1.0)
(taaable:Golden_delicious_apple, dbpedia:Golden_Delicious, 1.0)
(taaable:Okra, dbpedia:Okra, 1.0)
(taaable:Garlic_powder, dbpedia:Garlic_powder, 1.0)
(taaable:Pastis, dbpedia:Pastis, 1.0)
(taaable:Soppressata, dbpedia:Soppressata, 1.0)
(taaable:Berry, dbpedia:Berry, 1.0)
(taaable:Coconut_oil, dbpedia:Coconut_oil, 1.0)
(taaable:Spice, dbpedia:Spice, 1.0)
(taaable:Triple-2Dcreme_cheese, dbpedia:Triple_cream, 1.0)
(taaable:Balsamic_vinegar, dbpedia:Balsamic_vinegar, 1.0)
(taaable:Rose_essence, dbpedia:Rose_oil, 1.0)
(taaable:Pancetta, dbpedia:Pancetta, 1.0)
(taaable:Pinot_blanc, dbpedia:Pinot_blanc, 1.0)
(taaable:Espresso, dbpedia:Espresso, 1.0)
(taaable:Brazil_nut, dbpedia:Brazil_nut, 1.0)
(taaable:Olive_oil, dbpedia:Olive_oil, 1.0)
(taaable:Chickpea, dbpedia:Chickpea, 1.0)
(taaable:Vanilla-2Dflavored_liqueur, category:Vanilla_liqueurs, 1.0)
(taaable:Gala_apple, dbpedia:Gala_(apple), 1.0)
(taaable:Croissant, dbpedia:Croissant, 1.0)
(taaable:Dried_meats, dbpedia:Dried_meat, 1.0)
(taaable:Mustard, category:Mustard, 1.0)
(taaable:Flour, category:Flour, 1.0)
(taaable:Halibut, dbpedia:Halibut, 1.0)
(taaable:Saint_agur_cheese, dbpedia:Saint_Agur_Blue, 1.0)
(taaable:Coconut_milk, dbpedia:Coconut_milk, 1.0)
(taaable:Louisiana_hot_sauce, dbpedia:Louisiana_Hot_Sauce, 1.0)
(taaable:Olive_oil, category:Olive_oil, 1.0)
(taaable:Summer_squash, dbpedia:Summer_squash, 1.0)
(taaable:Leaven, dbpedia:Leavening_agent, 1.0)
(taaable:Codfish, dbpedia:Cod_(food), 1.0)
(taaable:Amaretti, dbpedia:Amaretti_di_Saronno, 1.0)
(taaable:Grouse, category:Grouse, 1.0)
(taaable:Salt_substitute, dbpedia:Salt_substitute, 1.0)
(taaable:Cabbage, dbpedia:Cabbage, 1.0)
(taaable:Polenta_meal, dbpedia:Polenta, 1.0)
(taaable:Salsa, dbpedia:Salsa_(sauce), 1.0)
(taaable:Sage, dbpedia:Salvia, 1.0)
(taaable:Cheerios_cereal, dbpedia:Cheerios, 1.0)
(taaable:Pea, dbpedia:Pea, 1.0)
(taaable:Abondance, dbpedia:Abondance_cheese, 1.0)
(taaable:Marmalade, category:Marmalade, 1.0)
(taaable:Comte, dbpedia:Comt%C3%A9_cheese, 1.0)
(taaable:Vermouth, category:Vermouth, 1.0)
(taaable:Cheddar, dbpedia:Cheddar_cheese, 1.0)
(taaable:Converted_rice, dbpedia:Parboiled_rice, 1.0)
(taaable:Coffee_liqueur, category:Coffee_liqueurs, 1.0)
(taaable:Stew, dbpedia:Stew, 1.0)
(taaable:Wine_vinegar, dbpedia:Vinegar, 1.0)
(taaable:Sardine, dbpedia:Sardine_(food), 1.0)
(taaable:Soy_sauce, dbpedia:Soy_sauce, 1.0)
(taaable:Anise_liqueur, category:Anise_liqueurs_and_spirits, 1.0)
(taaable:Kale, dbpedia:Kale, 1.0)
(taaable:Marshmallow, dbpedia:Marshmallow, 1.0)
(taaable:Bluefish, dbpedia:Bluefish, 1.0)
(taaable:Beet, dbpedia:Beet, 1.0)
(taaable:Focaccia, dbpedia:Focaccia, 1.0)
(taaable:Italian_bread, category:Italian_breads, 1.0)
(taaable:Fortified_wines, dbpedia:Fortified_wine, 1.0)
(taaable:Appenzell, dbpedia:Appenzeller_cheese, 1.0)
(taaable:Vin_santo, dbpedia:Vin_Santo, 1.0)
(taaable:Ice_wine, dbpedia:Ice_wine, 1.0)
(taaable:Tomato, dbpedia:Tomato, 1.0)
(taaable:Scallion_greens, dbpedia:Scallion, 1.0)
(taaable:Cantaloupe, dbpedia:Cantaloupe, 1.0)
(taaable:Molasse, dbpedia:Molasses, 1.0)
(taaable:Bagel, dbpedia:Bagel, 1.0)
(taaable:Italian_sausage, dbpedia:Italian_sausage, 1.0)
(taaable:Cream, dbpedia:Cream, 1.0)
(taaable:Powdered_egg_white, dbpedia:Powdered_eggs, 1.0)
(taaable:Phyllo, dbpedia:Phyllo, 1.0)
(taaable:Butternut, dbpedia:Juglans_cinerea, 1.0)
(taaable:Chartreuse, dbpedia:Chartreuse_(liqueur), 1.0)
(taaable:Ida_red_apple, dbpedia:Idared, 1.0)
(taaable:Caraway, dbpedia:Caraway, 1.0)
(taaable:Grain, category:Grains, 1.0)
(taaable:Pasta, dbpedia:Pasta, 1.0)
(taaable:Apple_cider, dbpedia:Apple_cider, 1.0)
(taaable:Powdered_sugar, dbpedia:Powdered_sugar, 1.0)
(taaable:Calvados, dbpedia:Calvados_(brandy), 1.0)
(taaable:Taro, dbpedia:Taro, 1.0)
(taaable:Celery, dbpedia:Celery, 1.0)
(taaable:Glutinous_rice, dbpedia:Glutinous_rice, 1.0)
(taaable:Portobello_mushroom, dbpedia:Portobello_mushroom, 1.0)
(taaable:Dried_shrimp, dbpedia:Dried_shrimp, 1.0)
(taaable:Jack_daniels, dbpedia:Jack_Daniel's, 1.0)
(taaable:Monterey_jack, dbpedia:Monterey_Jack, 1.0)
(taaable:Champagne, dbpedia:Champagne, 1.0)
(taaable:Chicken_wing, dbpedia:Buffalo_wing, 1.0)
(taaable:7-27up, dbpedia:7_Up, 1.0)
(taaable:Pot_roast, dbpedia:Pot_roast, 1.0)
(taaable:Vitamin_e, dbpedia:Vitamin_E, 1.0)
(taaable:White_onion, dbpedia:White_onion, 1.0)
(taaable:Champagne, category:Champagne_(wine), 1.0)
(taaable:Dubonnet, dbpedia:Dubonnet, 1.0)
(taaable:Pale_ale, dbpedia:Pale_ale, 1.0)
(taaable:Cranberry_juice, dbpedia:Cranberry_juice, 1.0)
(taaable:Wheat_flour, dbpedia:Wheat_flour, 1.0)
(taaable:Bay, dbpedia:Bay_leaf, 1.0)
(taaable:Pasta, category:Pasta, 1.0)
(taaable:Cornichon, dbpedia:Gherkin, 1.0)
(taaable:Rutabaga, dbpedia:Rutabaga, 1.0)
(taaable:Romano, dbpedia:Romano_cheese, 1.0)
(taaable:Rice_cracker, dbpedia:Rice_cracker, 1.0)
(taaable:Safflower_oil, dbpedia:Safflower_oil, 1.0)
(taaable:Corn_oil, dbpedia:Corn_oil, 1.0)
(taaable:Lemon_pepper, dbpedia:Lemon_pepper, 1.0)
(taaable:Chinese_noodle, category:Chinese_noodles, 1.0)
(taaable:Armagnac, dbpedia:Armagnac_(brandy), 1.0)
(taaable:Armagnac, category:Armagnac, 1.0)
(taaable:Baker-27s_yeast, dbpedia:Baker's_yeast, 1.0)
(taaable:Baking_mix, dbpedia:Bakery_mix, 1.0)
(taaable:Baking_powder, dbpedia:Baking_powder, 1.0)
(taaable:Baking_powder, category:Baking_powder, 1.0)
(taaable:Banana_pepper, dbpedia:Banana_pepper, 1.0)
(taaable:Beef_shank, dbpedia:Beef_shank, 1.0)
(taaable:Black_pepper, dbpedia:Black_pepper, 1.0)
(taaable:Blended_whiskey, dbpedia:Blended_whiskey, 1.0)
(taaable:Borage, dbpedia:Borage, 1.0)
(taaable:Brandy, dbpedia:Brandy, 1.0)
(taaable:Butter_cake, dbpedia:Butter_cake, 1.0)
(taaable:Cabernet_sauvignon, dbpedia:Cabernet_Sauvignon, 1.0)
(taaable:Cardamom, dbpedia:Cardamom, 1.0)
(taaable:Chantilly_cream, dbpedia:Chantilly_sauce, 1.0)
(taaable:Cheese, category:Cheese, 1.0)
(taaable:Cheese, dbpedia:Cheese, 1.0)
(taaable:Chili_powder, dbpedia:Chili_powder, 1.0)
(taaable:Chinese_noodle, dbpedia:Chinese_noodles, 1.0)
(taaable:Chocolate, category:Chocolate, 1.0)
(taaable:Chocolate, dbpedia:Chocolate, 1.0)
(taaable:Chocolate_syrup, dbpedia:Chocolate_syrup, 1.0)
(taaable:Ciabatta, dbpedia:Ciabatta, 1.0)
(taaable:Coco_bean, dbpedia:Cocoa_bean, 1.0)
(taaable:Cocoa, dbpedia:Cocoa_bean, 1.0)
(taaable:Cod, dbpedia:Cod, 1.0)
(taaable:Cod, dbpedia:Cod_(food), 1.0)
(taaable:Cold_cut, category:Cold_cut, 1.0)
(taaable:Cold_cut, dbpedia:Cold_cut, 1.0)
(taaable:Condiment, category:Condiments, 1.0)
(taaable:Condiment, dbpedia:Condiment, 1.0)
(taaable:Corn_flour, dbpedia:Cornmeal, 1.0)
(taaable:Corn_salad, dbpedia:Valerianella_locusta, 1.0)
(taaable:Coulommiers, dbpedia:Coulommiers_cheese, 1.0)
(taaable:Crabmeat, dbpedia:Crab_meat, 1.0)
(taaable:Cracker, category:Crackers_(food), 1.0)
(taaable:Cracker, dbpedia:Cracker_(food), 1.0)
(taaable:Creme_de_banane, dbpedia:Cr%C3%A8me_de_banane, 1.0)
(taaable:Donut_peach, dbpedia:Saturn_Peach, 1.0)
(taaable:Duck, category:Ducks, 1.0)
(taaable:Duck, dbpedia:Duck, 1.0)
(taaable:Edible_flower, dbpedia:Edible_flowers, 1.0)
(taaable:English_toffee, dbpedia:English_toffee, 1.0)
(taaable:Enoki_mushroom, dbpedia:Enokitake, 1.0)
(taaable:Fava_bean, dbpedia:Fava_bean, 1.0)
(taaable:Fava_bean, dbpedia:Vicia_faba, 1.0)
(taaable:Fish_stock, dbpedia:Fish_stock_(food), 1.0)
(taaable:Flatfish, dbpedia:Flatfish, 1.0)
(taaable:Food_coloring, category:Food_colorings, 1.0)
(taaable:Food_coloring, dbpedia:Food_coloring, 1.0)
(taaable:Gamay, dbpedia:Gamay, 1.0)
(taaable:Garlic, category:Garlic, 1.0)
(taaable:Garlic, dbpedia:Garlic, 1.0)
(taaable:Gelatin, dbpedia:Gelatin, 1.0)
(taaable:Glycerin, dbpedia:Glycerol, 1.0)
(taaable:Goose, dbpedia:Goose, 1.0)
(taaable:Gouda, dbpedia:Gouda_cheese, 1.0)
(taaable:Graham_cracker, dbpedia:Graham_cracker, 1.0)
(taaable:Gravy, dbpedia:Gravy, 1.0)
(taaable:Green_curry_paste, dbpedia:Green_curry, 1.0)
(taaable:Ground_beef, dbpedia:Ground_beef, 1.0)
(taaable:Hollandaise_sauce, dbpedia:Hollandaise_sauce, 1.0)
(taaable:Iodized_salt, dbpedia:Iodised_salt, 1.0)
(taaable:Jelly, dbpedia:Gelatin_dessert, 1.0)
(taaable:Jerusalem_artichoke, dbpedia:Jerusalem_artichoke, 1.0)
(taaable:Kosher_salt, dbpedia:Kosher_salt, 1.0)
(taaable:Malt_liquor, dbpedia:Malt_liquor, 1.0)
(taaable:Maraschino_cherries, dbpedia:Maraschino_cherry, 1.0)
(taaable:Millet, category:Millets, 1.0)
(taaable:Millet, dbpedia:Millet, 1.0)
(taaable:Muscovado_sugar, dbpedia:Muscovado, 1.0)
(taaable:Mustard_seed, dbpedia:Mustard_seed, 1.0)
(taaable:Orange, dbpedia:Orange_(fruit), 1.0)
(taaable:Pickled_onions, dbpedia:Pickled_onion, 1.0)
(taaable:Pine_nut, dbpedia:Pine_nut, 1.0)
(taaable:Pink_lady_apple, dbpedia:Cripps_Pink, 1.0)
(taaable:Radiatori, dbpedia:Radiatori, 1.0)
(taaable:Redfish, dbpedia:Red_drum, 1.0)
(taaable:Relish, dbpedia:Relish, 1.0)
(taaable:Rice_cracker, category:Rice_crackers, 1.0)
(taaable:Rice_krispies, dbpedia:Rice_Krispies, 1.0)
(taaable:Rioja, dbpedia:Rioja_(wine), 1.0)
(taaable:Roe, category:Roe, 1.0)
(taaable:Roe, dbpedia:Roe, 1.0)
(taaable:Salad_dressing, category:Salad_dressings, 1.0)
(taaable:Salmon, category:Salmon, 1.0)
(taaable:Salmon, dbpedia:Salmon, 1.0)
(taaable:Salsify, dbpedia:Tragopogon_porrifolius, 1.0)
(taaable:Sea_salt, dbpedia:Sea_salt, 1.0)
(taaable:Serrano_ham, dbpedia:Jam%C3%B3n_serrano, 1.0)
(taaable:Serrano_pepper, dbpedia:Serrano_pepper, 1.0)
(taaable:Sesame_oil, dbpedia:Sesame_oil, 1.0)
(taaable:Shallot, dbpedia:Shallot, 1.0)
(taaable:Sour_cream, dbpedia:Sour_cream, 1.0)
(taaable:Stout, dbpedia:Stout, 1.0)
(taaable:Sugar, category:Sugar, 1.0)
(taaable:Sugar, dbpedia:Sugar, 1.0)
(taaable:Sunflower_oil, dbpedia:Sunflower_oil, 1.0)
(taaable:Sweet_and_sour_sauce, dbpedia:Sweet_and_sour, 1.0)
(taaable:Szechwan_peppercorn, dbpedia:Sichuan_pepper, 1.0)
(taaable:Tasso, dbpedia:Tasso_ham, 1.0)
(taaable:Tia_maria, dbpedia:Tia_Maria, 1.0)
(taaable:Tilapia, dbpedia:Tilapia, 1.0)
(taaable:Tuna, dbpedia:Tuna, 1.0)
(taaable:Turnip, dbpedia:Turnip, 1.0)
(taaable:Vacherin, dbpedia:Vacherin, 1.0)
(taaable:Vanilla_extract, dbpedia:Vanilla_extract, 1.0)
(taaable:Vinaigrette, dbpedia:Vinaigrette, 1.0)
(taaable:Yogurt, category:Yogurts, 1.0)
(taaable:Yogurt, dbpedia:Yogurt, 1.0)
(taaable:Vienna_sausage, dbpedia:Vienna_sausage, 1.0)
(taaable:American_cheese, category:American_cheeses, 1.0)
(taaable:Saint_paulin_cheese, dbpedia:Saint-Paulin_cheese, 1.0)
(taaable:Chinese_mushroom, category:Chinese_edible_mushrooms, 1.0)
(taaable:Juice, category:Juice, 1.0)
(taaable:Chinese_mushroom, dbpedia:Chinese_mushroom, 1.0)
(taaable:Arrowroot, dbpedia:Arrowroot, 1.0)
(taaable:Truffle_oil, dbpedia:Truffle_oil, 1.0)
(taaable:Juice, dbpedia:Juice, 1.0)
(taaable:Merguez_sausage, dbpedia:Merguez, 1.0)
(taaable:Raw_milk, dbpedia:Raw_milk, 1.0)
(taaable:Gorgonzola, dbpedia:Gorgonzola, 1.0)
(taaable:American_cheese, dbpedia:American_cheese, 1.0)
(taaable:Fruit_butter, dbpedia:Fruit_butter, 1.0)
(taaable:Salt, dbpedia:Salt, 1.0)
(taaable:Bing_cherries, dbpedia:Bing_cherry, 1.0)
(taaable:Scone, dbpedia:Scone, 1.0)
(taaable:Snail, dbpedia:Snail, 1.0)